Java HotSpot(TM) 64-Bit Server VM warning: ignoring option PermSize=32m; support was removed in 8.0
Java HotSpot(TM) 64-Bit Server VM warning: ignoring option MaxPermSize=256m; support was removed in 8.0
SLF4J: Failed to load class "org.slf4j.impl.StaticLoggerBinder".
SLF4J: Defaulting to no-operation (NOP) logger implementation
SLF4J: See http://www.slf4j.org/codes.html#StaticLoggerBinder for further details.
oracle/classloader/PolicyClassLoader
java.lang.NoClassDefFoundError: oracle/classloader/PolicyClassLoader
	at java.lang.Class.getDeclaredMethods0(Native Method)
	at java.lang.Class.privateGetDeclaredMethods(Class.java:2701)
	at java.lang.Class.getDeclaredMethods(Class.java:1975)
	at org.apache.commons.beanutils.MappedPropertyDescriptor.internalGetMethod(MappedPropertyDescriptor.java:344)
	at org.apache.commons.beanutils.MappedPropertyDescriptor.getMethod(MappedPropertyDescriptor.java:385)
	at org.apache.commons.beanutils.MappedPropertyDescriptor.<init>(MappedPropertyDescriptor.java:120)
	at org.apache.commons.beanutils.PropertyUtilsBean.getPropertyDescriptor(PropertyUtilsBean.java:971)
	at org.apache.commons.beanutils.BeanUtilsBean.setProperty(BeanUtilsBean.java:935)
	at org.apache.commons.beanutils.BeanUtilsBean.populate(BeanUtilsBean.java:823)
	at org.apache.commons.beanutils.BeanUtils.populate(BeanUtils.java:431)
	at org.apache.commons.digester3.SetPropertiesRule.begin(SetPropertiesRule.java:232)
	at org.apache.commons.digester3.Digester.startElement(Digester.java:1350)
	at oracle.xml.parser.v2.NonValidatingParser.parseElement(NonValidatingParser.java:1648)
	at oracle.xml.parser.v2.NonValidatingParser.parseRootElement(NonValidatingParser.java:471)
	at oracle.xml.parser.v2.NonValidatingParser.parseDocument(NonValidatingParser.java:417)
	at oracle.xml.parser.v2.XMLParser.parse(XMLParser.java:251)
	at org.apache.commons.digester3.Digester.parse(Digester.java:1642)
	at org.apache.commons.digester3.Digester.parse(Digester.java:1745)
	at oracle.fabric.composite.Parser.parseComposite(Parser.java:134)
	at oracle.soa.scac.ValidateComposite.loadComposite(ValidateComposite.java:890)
	at oracle.soa.scac.ValidateComposite.doValidation(ValidateComposite.java:577)
	at oracle.soa.scac.ValidateComposite.run0(ValidateComposite.java:234)
	at oracle.soa.scac.ValidateComposite.run(ValidateComposite.java:215)
	at oracle.soa.scac.ValidateComposite.main(ValidateComposite.java:207)
Caused by: java.lang.ClassNotFoundException: oracle.classloader.PolicyClassLoader
	at java.net.URLClassLoader.findClass(URLClassLoader.java:382)
	at java.lang.ClassLoader.loadClass(ClassLoader.java:424)
	at sun.misc.Launcher$AppClassLoader.loadClass(Launcher.java:349)
	at java.lang.ClassLoader.loadClass(ClassLoader.java:357)
	... 24 more
